[LicensingClient] ERROR Failed to connect to local IPC
[Licensing::Module] Failed to connect to channel: LicenseClient-virej
[Licensing::Module] Successfully launched the LicensingClient
[LicensingClient] Timed-out attempting to connect to the Licensing Client on pipe: LicenseClient-virej.
[LicensingClient] ERROR Failed to connect to local IPC
[Licensing::Module] Failed to connect to channel: LicenseClient-virej
IPC channel to LicensingClient doesn't exist; falling back to Legacy licensing
[LicensingClient] ERROR Failed to disconnect local IPC connection
Gtk-Message: 11:34:47.310: Failed to load module "appmenu-gtk-module"
Gtk-Message: 11:34:47.382: Failed to load module "canberra-gtk-module"
Gtk-Message: 11:34:47.382: Failed to load module "canberra-gtk-module"

LICENSE SYSTEM [202096 11:34:47] Next license update check is after 2020-08-23T06:30:13


 COMMAND LINE ARGUMENTS:
Unity
-adb2
-batchMode
-noUpm
-name
AssetImportWorker1
-projectPath
/home/virej/Desktop/Code/All-My-Projects/All-My-Games/Unity/Unity Projects/ELECTRIFIED
-logFile
Library/AssetImportWorker1.log
-srvPort
34997
Successfully changed project path to: /home/virej/Desktop/Code/All-My-Projects/All-My-Games/Unity/Unity Projects/ELECTRIFIED
/home/virej/Desktop/Code/All-My-Projects/All-My-Games/Unity/Unity Projects/ELECTRIFIED
Using Asset Import Pipeline V2.
Unable to load player prefs
Refreshing native plugins compatible for Editor in 49.96 ms, found 1 plugins.
Preloading 0 native plugins for Editor in 0.00 ms.
Initialize engine version: 2019.4.2f1 (20b4642a3455)
[Subsystems] Discovering subsystems at path /home/virej/Unity/Hub/Editor/2019.4.2f1/Editor/Data/Resources/UnitySubsystems
[Subsystems] Discovering subsystems at path /home/virej/Desktop/Code/All-My-Projects/All-My-Games/Unity/Unity Projects/ELECTRIFIED/Assets
GLX Extensions: GLX_ARB_create_context GLX_ARB_create_context_no_error GLX_ARB_create_context_profile GLX_ARB_create_context_robustness GLX_ARB_fbconfig_float GLX_ARB_framebuffer_sRGB GLX_ARB_get_proc_address GLX_ARB_multisample GLX_EXT_buffer_age GLX_EXT_create_context_es2_profile GLX_EXT_create_context_es_profile GLX_EXT_fbconfig_packed_float GLX_EXT_framebuffer_sRGB GLX_EXT_import_context GLX_EXT_texture_from_pixmap GLX_EXT_visual_info GLX_EXT_visual_rating GLX_INTEL_swap_event GLX_MESA_copy_sub_buffer GLX_MESA_query_renderer GLX_MESA_swap_control GLX_OML_swap_method GLX_OML_sync_control GLX_SGIS_multisample GLX_SGIX_fbconfig GLX_SGIX_pbuffer GLX_SGIX_visual_select_group GLX_SGI_make_current_read GLX_SGI_swap_control GLX_SGI_video_sync 
Renderer: Mesa DRI Intel(R) UHD Graphics 620 (KBL GT2)
Vendor:   Intel Open Source Technology Center
Version:  4.6 (Core Profile) Mesa 20.1.2
GLES:     0
 GL_3DFX_texture_compression_FXT1 GL_AMD_conservative_depth GL_AMD_depth_clamp_separate GL_AMD_draw_buffers_blend GL_AMD_gpu_shader_int64 GL_AMD_multi_draw_indirect GL_AMD_query_buffer_object GL_AMD_seamless_cubemap_per_texture GL_AMD_shader_stencil_export GL_AMD_shader_trinary_minmax GL_AMD_texture_texture4 GL_AMD_vertex_shader_layer GL_AMD_vertex_shader_viewport_index GL_ANGLE_texture_compression_dxt3 GL_ANGLE_texture_compression_dxt5 GL_APPLE_object_purgeable GL_ARB_ES2_compatibility GL_ARB_ES3_1_compatibility GL_ARB_ES3_2_compatibility GL_ARB_ES3_compatibility GL_ARB_arrays_of_arrays GL_ARB_base_instance GL_ARB_blend_func_extended GL_ARB_buffer_storage GL_ARB_clear_buffer_object GL_ARB_clear_texture GL_ARB_clip_control GL_ARB_compressed_texture_pixel_storage GL_ARB_compute_shader GL_ARB_compute_variable_group_size GL_ARB_conditional_render_inverted GL_ARB_conservative_depth GL_ARB_copy_buffer GL_ARB_copy_image GL_ARB_cull_distance GL_ARB_debug_output GL_ARB_depth_buffer_float GL_ARB_depth_clamp GL_ARB_de
rivative_control GL_ARB_direct_state_access GL_ARB_draw_buffers GL_ARB_draw_buffers_blend GL_ARB_draw_elements_base_vertex GL_ARB_draw_indirect GL_ARB_draw_instanced GL_ARB_enhanced_layouts GL_ARB_explicit_attrib_location GL_ARB_explicit_uniform_location GL_ARB_fragment_coord_conventions GL_ARB_fragment_layer_viewport GL_ARB_fragment_shader GL_ARB_fragment_shader_interlock GL_ARB_framebuffer_no_attachments GL_ARB_framebuffer_object GL_ARB_framebuffer_sRGB GL_ARB_get_program_binary GL_ARB_get_texture_sub_image GL_ARB_gl_spirv GL_ARB_gpu_shader5 GL_ARB_gpu_shader_fp64 GL_ARB_gpu_shader_int64 GL_ARB_half_float_pixel GL_ARB_half_float_vertex GL_ARB_indirect_parameters GL_ARB_instanced_arrays GL_ARB_internalformat_query GL_ARB_internalformat_query2 GL_ARB_invalidate_subdata GL_ARB_map_buffer_alignment GL_ARB_map_buffer_range GL_ARB_multi_bind GL_ARB_multi_draw_indirect GL_ARB_occlusion_query2 GL_ARB_parallel_shader_compile GL_ARB_pipeline_statistics_query GL_ARB_pixel_buffer_object GL_ARB_point_sprite GL_ARB_poly
gon_offset_clamp GL_ARB_post_depth_coverage GL_ARB_program_interface_query GL_ARB_provoking_vertex GL_ARB_query_buffer_object GL_ARB_robust_buffer_access_behavior GL_ARB_robustness GL_ARB_sample_shading GL_ARB_sampler_objects GL_ARB_seamless_cube_map GL_ARB_seamless_cubemap_per_texture GL_ARB_separate_shader_objects GL_ARB_shader_atomic_counter_ops GL_ARB_shader_atomic_counters GL_ARB_shader_ballot GL_ARB_shader_bit_encoding GL_ARB_shader_clock GL_ARB_shader_draw_parameters GL_ARB_shader_group_vote GL_ARB_shader_image_load_store GL_ARB_shader_image_size GL_ARB_shader_objects GL_ARB_shader_precision GL_ARB_shader_stencil_export GL_ARB_shader_storage_buffer_object GL_ARB_shader_subroutine GL_ARB_shader_texture_image_samples GL_ARB_shader_texture_lod GL_ARB_shader_viewport_layer_array GL_ARB_shading_language_420pack GL_ARB_shading_language_include GL_ARB_shading_language_packing GL_ARB_spirv_extensions GL_ARB_stencil_texturing GL_ARB_sync GL_ARB_tessellation_shader GL_ARB_texture_barrier GL_ARB_texture_buffer_o
bject GL_ARB_texture_buffer_object_rgb32 GL_ARB_texture_buffer_range GL_ARB_texture_compression_bptc GL_ARB_texture_compression_rgtc GL_ARB_texture_cube_map_array GL_ARB_texture_filter_anisotropic GL_ARB_texture_float GL_ARB_texture_gather GL_ARB_texture_mirror_clamp_to_edge GL_ARB_texture_multisample GL_ARB_texture_non_power_of_two GL_ARB_texture_query_levels GL_ARB_texture_query_lod GL_ARB_texture_rectangle GL_ARB_texture_rg GL_ARB_texture_rgb10_a2ui GL_ARB_texture_stencil8 GL_ARB_texture_storage GL_ARB_texture_storage_multisample GL_ARB_texture_swizzle GL_ARB_texture_view GL_ARB_timer_query GL_ARB_transform_feedback2 GL_ARB_transform_feedback3 GL_ARB_transform_feedback_instanced GL_ARB_transform_feedback_overflow_query GL_ARB_uniform_buffer_object GL_ARB_vertex_array_bgra GL_ARB_vertex_array_object GL_ARB_vertex_attrib_64bit GL_ARB_vertex_attrib_binding GL_ARB_vertex_buffer_object GL_ARB_vertex_shader GL_ARB_vertex_type_10f_11f_11f_rev GL_ARB_vertex_type_2_10_10_10_rev GL_ARB_viewport_array GL_ATI_blend_e
quation_separate GL_ATI_texture_float GL_EXT_EGL_image_storage GL_EXT_EGL_sync GL_EXT_abgr GL_EXT_blend_equation_separate GL_EXT_demote_to_helper_invocation GL_EXT_draw_buffers2 GL_EXT_draw_instanced GL_EXT_framebuffer_blit GL_EXT_framebuffer_multisample GL_EXT_framebuffer_multisample_blit_scaled GL_EXT_framebuffer_object GL_EXT_framebuffer_sRGB GL_EXT_packed_depth_stencil GL_EXT_packed_float GL_EXT_pixel_buffer_object GL_EXT_polygon_offset_clamp GL_EXT_provoking_vertex GL_EXT_shader_framebuffer_fetch GL_EXT_shader_framebuffer_fetch_non_coherent GL_EXT_shader_integer_mix GL_EXT_shader_samples_identical GL_EXT_texture_array GL_EXT_texture_compression_dxt1 GL_EXT_texture_compression_rgtc GL_EXT_texture_compression_s3tc GL_EXT_texture_filter_anisotropic GL_EXT_texture_integer GL_EXT_texture_sRGB GL_EXT_texture_sRGB_R8 GL_EXT_texture_sRGB_decode GL_EXT_texture_shadow_lod GL_EXT_texture_shared_exponent GL_EXT_texture_snorm GL_EXT_texture_swizzle GL_EXT_timer_query GL_EXT_transform_feedback GL_EXT_vertex_array_bgr
a GL_EXT_vertex_attrib_64bit GL_IBM_multimode_draw_arrays GL_INTEL_blackhole_render GL_INTEL_conservative_rasterization GL_INTEL_performance_query GL_INTEL_shader_atomic_float_minmax GL_INTEL_shader_integer_functions2 GL_KHR_blend_equation_advanced GL_KHR_blend_equation_advanced_coherent GL_KHR_context_flush_control GL_KHR_debug GL_KHR_no_error GL_KHR_parallel_shader_compile GL_KHR_robust_buffer_access_behavior GL_KHR_robustness GL_KHR_texture_compression_astc_ldr GL_KHR_texture_compression_astc_sliced_3d GL_MESA_framebuffer_flip_y GL_MESA_pack_invert GL_MESA_shader_integer_functions GL_MESA_texture_signed_rgba GL_NV_compute_shader_derivatives GL_NV_conditional_render GL_NV_depth_clamp GL_NV_fragment_shader_interlock GL_NV_packed_depth_stencil GL_NV_texture_barrier GL_OES_EGL_image GL_S3_s3tc
OPENGL LOG: Creating OpenGL 4.6 graphics device ; Context level  <OpenGL 4.5> ; Context handle 643578944
Initialize mono
Mono path[0] = '/home/virej/Unity/Hub/Editor/2019.4.2f1/Editor/Data/Managed'
Mono path[1] = '/home/virej/Unity/Hub/Editor/2019.4.2f1/Editor/Data/MonoBleedingEdge/lib/mono/unityjit'
Mono config path = '/home/virej/Unity/Hub/Editor/2019.4.2f1/Editor/Data/MonoBleedingEdge/etc'
Using monoOptions --debugger-agent=transport=dt_socket,embedding=1,server=y,suspend=n,address=127.0.0.1:56055
Begin MonoManager ReloadAssembly
Registering precompiled unity dll's ...
Register platform support module: /home/virej/Unity/Hub/Editor/2019.4.2f1/Editor/Data/PlaybackEngines/WindowsStandaloneSupport/UnityEditor.WindowsStandalone.Extensions.dll
Register platform support module: /home/virej/Unity/Hub/Editor/2019.4.2f1/Editor/Data/PlaybackEngines/WebGLSupport/UnityEditor.WebGL.Extensions.dll
Register platform support module: /home/virej/Unity/Hub/Editor/2019.4.2f1/Editor/Data/PlaybackEngines/MacStandaloneSupport/UnityEditor.OSXStandalone.Extensions.dll
Register platform support module: /home/virej/Unity/Hub/Editor/2019.4.2f1/Editor/Data/PlaybackEngines/LinuxStandaloneSupport/UnityEditor.LinuxStandalone.Extensions.dll
Register platform support module: /home/virej/Unity/Hub/Editor/2019.4.2f1/Editor/Data/PlaybackEngines/AndroidPlayer/UnityEditor.Android.Extensions.dll
Register platform support module: /home/virej/Unity/Hub/Editor/2019.4.2f1/Editor/Data/PlaybackEngines/iOSSupport/UnityEditor.iOS.Extensions.dll
Registered in 0.001480 seconds.
Failed to load: /home/virej/Unity/Hub/Editor/2019.4.2f1/Editor/Data/PlaybackEngines/iOSSupport/UnityEditor.iOS.Native.so
Native extension for iOS target not found
Native extension for Android target not found
Native extension for LinuxStandalone target not found
Native extension for OSXStandalone target not found
Native extension for WebGL target not found
Native extension for WindowsStandalone target not found
Refreshing native plugins compatible for Editor in 56.83 ms, found 1 plugins.
Preloading 0 native plugins for Editor in 0.00 ms.
Mono: successfully reloaded assembly
- Completed reload, in 10.493 seconds
Registering precompiled user dll's ...
Registered in 0.083905 seconds.
Platform modules already initialized, skipping
Begin MonoManager ReloadAssembly
Symbol file LoadedFromMemory doesn't match image /home/virej/Desktop/Code/All-My-Projects/All-My-Games/Unity/Unity Projects/ELECTRIFIED/Library/PackageCache/com.unity.ext.nunit@1.0.0/net35/unity-custom/nunit.framework.dll
Failed to load: /home/virej/Unity/Hub/Editor/2019.4.2f1/Editor/Data/PlaybackEngines/iOSSupport/UnityEditor.iOS.Native.so
Native extension for iOS target not found
Native extension for Android target not found
Native extension for LinuxStandalone target not found
Native extension for OSXStandalone target not found
Native extension for WebGL target not found
Native extension for WindowsStandalone target not found
Refreshing native plugins compatible for Editor in 44.57 ms, found 1 plugins.
Preloading 0 native plugins for Editor in 0.00 ms.
Invalid AssetDatabase path: /Editor/EditorResources/cm_logo_sm.png. Use path relative to the project folder.
UnityEditor.AssetDatabase:LoadAssetAtPath(String, Type)
UnityEditor.AssetDatabase:LoadAssetAtPath(String) (at /home/builduser/buildslave/unity/build/Modules/AssetDatabase/Editor/ScriptBindings/AssetDatabase.bindings.cs:170)
Cinemachine.Editor.CinemachineSettings:get_CinemachineLogoTexture() (at Library/PackageCache/com.unity.cinemachine@2.6.1/Editor/Windows/CinemachineSettings.cs:205)
Cinemachine.Editor.CinemachineSettings:.cctor() (at Library/PackageCache/com.unity.cinemachine@2.6.1/Editor/Windows/CinemachineSettings.cs:237)
Cinemachine.CinemachineColliderPrefs:.cctor() (at Library/PackageCache/com.unity.cinemachine@2.6.1/Editor/Windows/CinemachineColliderPrefs.cs:61)
System.Runtime.CompilerServices.RuntimeHelpers:RunClassConstructor(IntPtr)
System.Runtime.CompilerServices.RuntimeHelpers:RunClassConstructor(RuntimeTypeHandle)
UnityEditor.EditorAssemblies:ProcessInitializeOnLoadAttributes(Type[]) (at /home/builduser/buildslave/unity/build/Editor/Mono/EditorAssemblies.cs:114)

[./Modules/AssetDatabase/Editor/ScriptBindings/AssetDatabase.bindings.h line 40] 
(Filename: /home/builduser/buildslave/unity/build/Modules/AssetDatabase/Editor/ScriptBindings/AssetDatabase.bindings.cs Line: 170)

Mono: successfully reloaded assembly
- Completed reload, in  1.154 seconds
Platform modules already initialized, skipping
========================================================================
Worker process is ready to serve import requests
Refreshing native plugins compatible for Editor in 0.38 ms, found 1 plugins.
Preloading 0 native plugins for Editor in 0.00 ms.
Unloading 1934 Unused Serialized files (Serialized files now loaded: 0)
System memory in use before: 80.9 MB.
System memory in use after: 80.2 MB.

Unloading 24 unused Assets to reduce memory usage. Loaded Objects now: 2321.
Total: 2.871336 ms (FindLiveObjects: 0.580118 ms CreateObjectMapping: 0.149034 ms MarkObjects: 1.867868 ms  DeleteObjects: 0.273437 ms)

========================================================================
Received Import Request.
  path: Assets/Scenes/Level2/Dead2.unity
  artifactKey: Guid(43ddd16b4aeae3cfbbf98aba7a760fb6) Importer(2089858483,3291a93977bff14cd8133371a99a42d2)
Start importing Assets/Scenes/Level2/Dead2.unity using Guid(43ddd16b4aeae3cfbbf98aba7a760fb6) Importer(2089858483,3291a93977bff14cd8133371a99a42d2)

Generated asset (ASIEI01) VirtualArtifacts/NamedExtra/227f432b31bf06212a4cbef0db56e500.asset.1.index for Assets/Scenes/Level2/Dead2.unity with Types
Done importing asset: 'Assets/Scenes/Level2/Dead2.unity' (target hash: '6cdac8c5f79b26ba5a992381da838d57') in 0.124058 seconds
  Import took 0.129377 seconds.

========================================================================
Received Prepare
Refreshing native plugins compatible for Editor in 1.30 ms, found 1 plugins.
Preloading 0 native plugins for Editor in 0.00 ms.
Unloading 22 Unused Serialized files (Serialized files now loaded: 0)
System memory in use before: 42.3 MB.
System memory in use after: 41.9 MB.

Unloading 22 unused Assets to reduce memory usage. Loaded Objects now: 2321.
Total: 10.434815 ms (FindLiveObjects: 0.576000 ms CreateObjectMapping: 0.205956 ms MarkObjects: 9.370661 ms  DeleteObjects: 0.281089 ms)

========================================================================
Received Prepare
Reloading mono domain
Begin MonoManager ReloadAssembly
Registering precompiled unity dll's ...
Register platform support module: /home/virej/Unity/Hub/Editor/2019.4.2f1/Editor/Data/PlaybackEngines/WindowsStandaloneSupport/UnityEditor.WindowsStandalone.Extensions.dll
Register platform support module: /home/virej/Unity/Hub/Editor/2019.4.2f1/Editor/Data/PlaybackEngines/WebGLSupport/UnityEditor.WebGL.Extensions.dll
Register platform support module: /home/virej/Unity/Hub/Editor/2019.4.2f1/Editor/Data/PlaybackEngines/MacStandaloneSupport/UnityEditor.OSXStandalone.Extensions.dll
Register platform support module: /home/virej/Unity/Hub/Editor/2019.4.2f1/Editor/Data/PlaybackEngines/LinuxStandaloneSupport/UnityEditor.LinuxStandalone.Extensions.dll
Register platform support module: /home/virej/Unity/Hub/Editor/2019.4.2f1/Editor/Data/PlaybackEngines/AndroidPlayer/UnityEditor.Android.Extensions.dll
Register platform support module: /home/virej/Unity/Hub/Editor/2019.4.2f1/Editor/Data/PlaybackEngines/iOSSupport/UnityEditor.iOS.Extensions.dll
Registered in 0.002408 seconds.
Symbol file LoadedFromMemory doesn't match image /home/virej/Desktop/Code/All-My-Projects/All-My-Games/Unity/Unity Projects/ELECTRIFIED/Library/PackageCache/com.unity.ext.nunit@1.0.0/net35/unity-custom/nunit.framework.dll
Failed to load: /home/virej/Unity/Hub/Editor/2019.4.2f1/Editor/Data/PlaybackEngines/iOSSupport/UnityEditor.iOS.Native.so
Native extension for iOS target not found
Native extension for Android target not found
Native extension for LinuxStandalone target not found
Native extension for OSXStandalone target not found
Native extension for WebGL target not found
Native extension for WindowsStandalone target not found
Refreshing native plugins compatible for Editor in 39.74 ms, found 1 plugins.
Preloading 0 native plugins for Editor in 0.00 ms.
Mono: successfully reloaded assembly
- Completed reload, in  1.187 seconds
Registering precompiled user dll's ...
Registered in 0.063523 seconds.
Platform modules already initialized, skipping
Begin MonoManager ReloadAssembly
Symbol file LoadedFromMemory doesn't match image /home/virej/Desktop/Code/All-My-Projects/All-My-Games/Unity/Unity Projects/ELECTRIFIED/Library/PackageCache/com.unity.ext.nunit@1.0.0/net35/unity-custom/nunit.framework.dll
Failed to load: /home/virej/Unity/Hub/Editor/2019.4.2f1/Editor/Data/PlaybackEngines/iOSSupport/UnityEditor.iOS.Native.so
Native extension for iOS target not found
Native extension for Android target not found
Native extension for LinuxStandalone target not found
Native extension for OSXStandalone target not found
Native extension for WebGL target not found
Native extension for WindowsStandalone target not found
Refreshing native plugins compatible for Editor in 0.42 ms, found 1 plugins.
Preloading 0 native plugins for Editor in 0.00 ms.
Mono: successfully reloaded assembly
- Completed reload, in  1.378 seconds
Platform modules already initialized, skipping
Refreshing native plugins compatible for Editor in 0.38 ms, found 1 plugins.
Preloading 0 native plugins for Editor in 0.00 ms.
Unloading 27 Unused Serialized files (Serialized files now loaded: 0)
System memory in use before: 42.8 MB.
System memory in use after: 42.4 MB.

Unloading 25 unused Assets to reduce memory usage. Loaded Objects now: 2328.
Total: 10.875035 ms (FindLiveObjects: 1.146632 ms CreateObjectMapping: 0.509196 ms MarkObjects: 8.328845 ms  DeleteObjects: 0.887050 ms)

========================================================================
Received Import Request.
  Time since last request: 379.710494 seconds.
  path: Assets/Scenes/Level2/Level2.unity
  artifactKey: Guid(6ddba26ce82f382049014e9ddef26df6) Importer(2089858483,3291a93977bff14cd8133371a99a42d2)
Start importing Assets/Scenes/Level2/Level2.unity using Guid(6ddba26ce82f382049014e9ddef26df6) Importer(2089858483,3291a93977bff14cd8133371a99a42d2)

Generated asset (ASIEI01) VirtualArtifacts/NamedExtra/4e208e78ca2c869d983ad0e0acc7cbd2.asset.1.index for Assets/Scenes/Level2/Level2.unity with Types
Done importing asset: 'Assets/Scenes/Level2/Level2.unity' (target hash: 'b055fd64e157332cc3ee67a077a01bc1') in 0.234123 seconds
  Import took 0.245285 seconds.

========================================================================
Received Prepare
Reloading mono domain
Begin MonoManager ReloadAssembly
Registering precompiled unity dll's ...
Register platform support module: /home/virej/Unity/Hub/Editor/2019.4.2f1/Editor/Data/PlaybackEngines/WindowsStandaloneSupport/UnityEditor.WindowsStandalone.Extensions.dll
Register platform support module: /home/virej/Unity/Hub/Editor/2019.4.2f1/Editor/Data/PlaybackEngines/WebGLSupport/UnityEditor.WebGL.Extensions.dll
Register platform support module: /home/virej/Unity/Hub/Editor/2019.4.2f1/Editor/Data/PlaybackEngines/MacStandaloneSupport/UnityEditor.OSXStandalone.Extensions.dll
Register platform support module: /home/virej/Unity/Hub/Editor/2019.4.2f1/Editor/Data/PlaybackEngines/LinuxStandaloneSupport/UnityEditor.LinuxStandalone.Extensions.dll
Register platform support module: /home/virej/Unity/Hub/Editor/2019.4.2f1/Editor/Data/PlaybackEngines/AndroidPlayer/UnityEditor.Android.Extensions.dll
Register platform support module: /home/virej/Unity/Hub/Editor/2019.4.2f1/Editor/Data/PlaybackEngines/iOSSupport/UnityEditor.iOS.Extensions.dll
Registered in 0.001432 seconds.
Symbol file LoadedFromMemory doesn't match image /home/virej/Desktop/Code/All-My-Projects/All-My-Games/Unity/Unity Projects/ELECTRIFIED/Library/PackageCache/com.unity.ext.nunit@1.0.0/net35/unity-custom/nunit.framework.dll
Failed to load: /home/virej/Unity/Hub/Editor/2019.4.2f1/Editor/Data/PlaybackEngines/iOSSupport/UnityEditor.iOS.Native.so
Native extension for iOS target not found
Native extension for Android target not found
Native extension for LinuxStandalone target not found
Native extension for OSXStandalone target not found
Native extension for WebGL target not found
Native extension for WindowsStandalone target not found
Refreshing native plugins compatible for Editor in 41.68 ms, found 1 plugins.
Preloading 0 native plugins for Editor in 0.00 ms.
Mono: successfully reloaded assembly
- Completed reload, in  1.233 seconds
Registering precompiled user dll's ...
Registered in 0.079293 seconds.
Platform modules already initialized, skipping
Begin MonoManager ReloadAssembly
Symbol file LoadedFromMemory doesn't match image /home/virej/Desktop/Code/All-My-Projects/All-My-Games/Unity/Unity Projects/ELECTRIFIED/Library/PackageCache/com.unity.ext.nunit@1.0.0/net35/unity-custom/nunit.framework.dll
Failed to load: /home/virej/Unity/Hub/Editor/2019.4.2f1/Editor/Data/PlaybackEngines/iOSSupport/UnityEditor.iOS.Native.so
Native extension for iOS target not found
Native extension for Android target not found
Native extension for LinuxStandalone target not found
Native extension for OSXStandalone target not found
Native extension for WebGL target not found
Native extension for WindowsStandalone target not found
Refreshing native plugins compatible for Editor in 0.67 ms, found 1 plugins.
Preloading 0 native plugins for Editor in 0.00 ms.
Mono: successfully reloaded assembly
- Completed reload, in  1.299 seconds
Platform modules already initialized, skipping
Refreshing native plugins compatible for Editor in 0.64 ms, found 1 plugins.
Preloading 0 native plugins for Editor in 0.00 ms.
Unloading 26 Unused Serialized files (Serialized files now loaded: 0)
System memory in use before: 42.8 MB.
System memory in use after: 42.3 MB.

Unloading 25 unused Assets to reduce memory usage. Loaded Objects now: 2334.
Total: 6.938949 ms (FindLiveObjects: 0.892350 ms CreateObjectMapping: 0.379669 ms MarkObjects: 5.081609 ms  DeleteObjects: 0.583069 ms)

========================================================================
Received Import Request.
  Time since last request: 222.474870 seconds.
  path: Assets/Scenes/Level2/Level2.unity
  artifactKey: Guid(6ddba26ce82f382049014e9ddef26df6) Importer(2089858483,3291a93977bff14cd8133371a99a42d2)
Start importing Assets/Scenes/Level2/Level2.unity using Guid(6ddba26ce82f382049014e9ddef26df6) Importer(2089858483,3291a93977bff14cd8133371a99a42d2)

Generated asset (ASIEI01) VirtualArtifacts/NamedExtra/8542ae71e093df154985ac3c83a45ac3.asset.1.index for Assets/Scenes/Level2/Level2.unity with Types
Done importing asset: 'Assets/Scenes/Level2/Level2.unity' (target hash: '65e7b3cf290930b66b5acda36d506380') in 0.137657 seconds
  Import took 0.144309 seconds.

========================================================================
Received Prepare
Reloading mono domain
Begin MonoManager ReloadAssembly
Registering precompiled unity dll's ...
Register platform support module: /home/virej/Unity/Hub/Editor/2019.4.2f1/Editor/Data/PlaybackEngines/WindowsStandaloneSupport/UnityEditor.WindowsStandalone.Extensions.dll
Register platform support module: /home/virej/Unity/Hub/Editor/2019.4.2f1/Editor/Data/PlaybackEngines/WebGLSupport/UnityEditor.WebGL.Extensions.dll
Register platform support module: /home/virej/Unity/Hub/Editor/2019.4.2f1/Editor/Data/PlaybackEngines/MacStandaloneSupport/UnityEditor.OSXStandalone.Extensions.dll
Register platform support module: /home/virej/Unity/Hub/Editor/2019.4.2f1/Editor/Data/PlaybackEngines/LinuxStandaloneSupport/UnityEditor.LinuxStandalone.Extensions.dll
Register platform support module: /home/virej/Unity/Hub/Editor/2019.4.2f1/Editor/Data/PlaybackEngines/AndroidPlayer/UnityEditor.Android.Extensions.dll
Register platform support module: /home/virej/Unity/Hub/Editor/2019.4.2f1/Editor/Data/PlaybackEngines/iOSSupport/UnityEditor.iOS.Extensions.dll
Registered in 0.001509 seconds.
Symbol file LoadedFromMemory doesn't match image /home/virej/Desktop/Code/All-My-Projects/All-My-Games/Unity/Unity Projects/ELECTRIFIED/Library/PackageCache/com.unity.ext.nunit@1.0.0/net35/unity-custom/nunit.framework.dll
Failed to load: /home/virej/Unity/Hub/Editor/2019.4.2f1/Editor/Data/PlaybackEngines/iOSSupport/UnityEditor.iOS.Native.so
Native extension for iOS target not found
Native extension for Android target not found
Native extension for LinuxStandalone target not found
Native extension for OSXStandalone target not found
Native extension for WebGL target not found
Native extension for WindowsStandalone target not found
Refreshing native plugins compatible for Editor in 41.42 ms, found 1 plugins.
Preloading 0 native plugins for Editor in 0.00 ms.
Mono: successfully reloaded assembly
- Completed reload, in  1.458 seconds
Registering precompiled user dll's ...
Registered in 0.064121 seconds.
Platform modules already initialized, skipping
Begin MonoManager ReloadAssembly
Symbol file LoadedFromMemory doesn't match image /home/virej/Desktop/Code/All-My-Projects/All-My-Games/Unity/Unity Projects/ELECTRIFIED/Library/PackageCache/com.unity.ext.nunit@1.0.0/net35/unity-custom/nunit.framework.dll
Failed to load: /home/virej/Unity/Hub/Editor/2019.4.2f1/Editor/Data/PlaybackEngines/iOSSupport/UnityEditor.iOS.Native.so
Native extension for iOS target not found
Native extension for Android target not found
Native extension for LinuxStandalone target not found
Native extension for OSXStandalone target not found
Native extension for WebGL target not found
Native extension for WindowsStandalone target not found
Refreshing native plugins compatible for Editor in 0.70 ms, found 1 plugins.
Preloading 0 native plugins for Editor in 0.00 ms.
Mono: successfully reloaded assembly
- Completed reload, in  1.352 seconds
Platform modules already initialized, skipping
Refreshing native plugins compatible for Editor in 0.39 ms, found 1 plugins.
Preloading 0 native plugins for Editor in 0.00 ms.
Unloading 26 Unused Serialized files (Serialized files now loaded: 0)
System memory in use before: 42.8 MB.
System memory in use after: 42.3 MB.

Unloading 25 unused Assets to reduce memory usage. Loaded Objects now: 2340.
Total: 2.735734 ms (FindLiveObjects: 0.375729 ms CreateObjectMapping: 0.142016 ms MarkObjects: 1.929705 ms  DeleteObjects: 0.286709 ms)

========================================================================
Received Import Request.
  Time since last request: 157.672005 seconds.
  path: Assets/Scenes/Level2/Level2.unity
  artifactKey: Guid(6ddba26ce82f382049014e9ddef26df6) Importer(2089858483,3291a93977bff14cd8133371a99a42d2)
Start importing Assets/Scenes/Level2/Level2.unity using Guid(6ddba26ce82f382049014e9ddef26df6) Importer(2089858483,3291a93977bff14cd8133371a99a42d2)

Generated asset (ASIEI01) VirtualArtifacts/NamedExtra/5744fd46e7cfb169dbcaf5a3ff17a539.asset.1.index for Assets/Scenes/Level2/Level2.unity with Types
Done importing asset: 'Assets/Scenes/Level2/Level2.unity' (target hash: 'd15132386f6f06b1970926174315fa5b') in 0.162357 seconds
  Import took 0.168969 seconds.

========================================================================
Received Prepare
Reloading mono domain
Begin MonoManager ReloadAssembly
Registering precompiled unity dll's ...
Register platform support module: /home/virej/Unity/Hub/Editor/2019.4.2f1/Editor/Data/PlaybackEngines/WindowsStandaloneSupport/UnityEditor.WindowsStandalone.Extensions.dll
Register platform support module: /home/virej/Unity/Hub/Editor/2019.4.2f1/Editor/Data/PlaybackEngines/WebGLSupport/UnityEditor.WebGL.Extensions.dll
Register platform support module: /home/virej/Unity/Hub/Editor/2019.4.2f1/Editor/Data/PlaybackEngines/MacStandaloneSupport/UnityEditor.OSXStandalone.Extensions.dll
Register platform support module: /home/virej/Unity/Hub/Editor/2019.4.2f1/Editor/Data/PlaybackEngines/LinuxStandaloneSupport/UnityEditor.LinuxStandalone.Extensions.dll
Register platform support module: /home/virej/Unity/Hub/Editor/2019.4.2f1/Editor/Data/PlaybackEngines/AndroidPlayer/UnityEditor.Android.Extensions.dll
Register platform support module: /home/virej/Unity/Hub/Editor/2019.4.2f1/Editor/Data/PlaybackEngines/iOSSupport/UnityEditor.iOS.Extensions.dll
Registered in 0.002213 seconds.
Symbol file LoadedFromMemory doesn't match image /home/virej/Desktop/Code/All-My-Projects/All-My-Games/Unity/Unity Projects/ELECTRIFIED/Library/PackageCache/com.unity.ext.nunit@1.0.0/net35/unity-custom/nunit.framework.dll
Failed to load: /home/virej/Unity/Hub/Editor/2019.4.2f1/Editor/Data/PlaybackEngines/iOSSupport/UnityEditor.iOS.Native.so
Native extension for iOS target not found
Native extension for Android target not found
Native extension for LinuxStandalone target not found
Native extension for OSXStandalone target not found
Native extension for WebGL target not found
Native extension for WindowsStandalone target not found
Refreshing native plugins compatible for Editor in 54.73 ms, found 1 plugins.
Preloading 0 native plugins for Editor in 0.00 ms.
Mono: successfully reloaded assembly
- Completed reload, in  1.715 seconds
Registering precompiled user dll's ...
Registered in 0.083024 seconds.
Platform modules already initialized, skipping
Begin MonoManager ReloadAssembly
Symbol file LoadedFromMemory doesn't match image /home/virej/Desktop/Code/All-My-Projects/All-My-Games/Unity/Unity Projects/ELECTRIFIED/Library/PackageCache/com.unity.ext.nunit@1.0.0/net35/unity-custom/nunit.framework.dll
Failed to load: /home/virej/Unity/Hub/Editor/2019.4.2f1/Editor/Data/PlaybackEngines/iOSSupport/UnityEditor.iOS.Native.so
Native extension for iOS target not found
Native extension for Android target not found
Native extension for LinuxStandalone target not found
Native extension for OSXStandalone target not found
Native extension for WebGL target not found
Native extension for WindowsStandalone target not found
Refreshing native plugins compatible for Editor in 0.92 ms, found 1 plugins.
Preloading 0 native plugins for Editor in 0.00 ms.
Mono: successfully reloaded assembly
- Completed reload, in  1.730 seconds
Platform modules already initialized, skipping
Refreshing native plugins compatible for Editor in 0.44 ms, found 1 plugins.
Preloading 0 native plugins for Editor in 0.00 ms.
Unloading 26 Unused Serialized files (Serialized files now loaded: 0)
System memory in use before: 42.8 MB.
System memory in use after: 42.4 MB.

Unloading 25 unused Assets to reduce memory usage. Loaded Objects now: 2346.
Total: 3.018157 ms (FindLiveObjects: 0.338324 ms CreateObjectMapping: 0.080663 ms MarkObjects: 2.299904 ms  DeleteObjects: 0.298102 ms)

========================================================================
Received Import Request.
  Time since last request: 70.752091 seconds.
  path: Assets/Scenes/Level1/Level1.unity
  artifactKey: Guid(2cda990e2423bbf4892e6590ba056729) Importer(2089858483,3291a93977bff14cd8133371a99a42d2)
Start importing Assets/Scenes/Level1/Level1.unity using Guid(2cda990e2423bbf4892e6590ba056729) Importer(2089858483,3291a93977bff14cd8133371a99a42d2)

Generated asset (ASIEI01) VirtualArtifacts/NamedExtra/28d1d8d0da5ea3508867fe133aa952fe.asset.1.index for Assets/Scenes/Level1/Level1.unity with Types
Done importing asset: 'Assets/Scenes/Level1/Level1.unity' (target hash: '40fa8ba3f3853231eacf221e639e2ed7') in 0.177560 seconds
  Import took 0.191853 seconds.

